Running elegant at Tue Sep  1 19:54:50 2020

This is elegant 2020.2.0, Mar 23 2020, by M. Borland, J. Calvey, M. Carla', N. Carmignani, M. Ehrlichman, L. Emery, W. Guo, R. Lindberg, V. Sajaev, R. Soliday, Y.-P. Sun, C.-X. Wang, Y. Wang, Y. Wu, and A. Xiao.
=====================================================================================
Thanks for using elegant.  Please cite the following reference in your publications:
  M. Borland, "elegant: A Flexible SDDS-Compliant Code for Accelerator Simulation,"
  Advanced Photon Source LS-287, September 2000.
If you use a modified version, please indicate this in all publications.
=====================================================================================
Link date: Mar 23 2020 22:20:56, SVN revision: 26940M
statistics:    ET:     00:00:00 CP:    0.00 BIO:0 DIO:0 PF:0 MEM:0
&global_settings
    inhibit_fsync = 1,
    echo_namelists = 1,
    mpi_randomization_mode = 3,
    exact_normalized_emittance = 0,
    SR_gaussian_limit = 3.000000000000000e+00,
    inhibit_seed_permutation = 0,
    log_file = {NULL},
    error_log_file = {NULL},
    share_tracking_based_matrices = 1,
    parallel_tracking_based_matrices = 1,
    mpi_io_force_file_sync = 0,
    mpi_io_read_buffer_size = 16777216,
    mpi_io_write_buffer_size = 16777216,
    usleep_mpi_io_kludge = 0,
    tracking_matrix_step_factor = 1.000000000000000e+00,
    tracking_matrix_points = 9.000000000000000e+00,
    tracking_matrix_step_size[0] = 5.000000000000000e-05, 5.000000000000000e-05, 5.000000000000000e-05, 
        5.000000000000000e-05, 5.000000000000000e-05, 5.000000000000000e-05,
&end
statistics:    ET:     00:00:00 CP:    0.00 BIO:0 DIO:0 PF:0 MEM:0
&run_setup
    lattice = CLA-S02.lte,
    use_beamline = CLA-S02,
    rootname = {NULL},
    output = {NULL},
    centroid = %s.cen,
    sigma = %s.sig,
    final = {NULL},
    acceptance = {NULL},
    losses = {NULL},
    losses_include_global_coordinates = 0,
    magnets = {NULL},
    semaphore_file = {NULL},
    parameters = {NULL},
    rfc_reference_output = {NULL},
    combine_bunch_statistics = 0,
    wrap_around = 1,
    final_pass = 0,
    default_order = 3,
    concat_order = 0,
    print_statistics = 0,
    show_element_timing = 0,
    monitor_memory_usage = 0,
    random_number_seed = 987654321,
    correction_iterations = 1,
    echo_lattice = 0,
    p_central = 4.470600892300126e+01,
    p_central_mev = 0.000000000000000e+00,
    always_change_p0 = 1,
    load_balancing_on = 0,
    random_sequence_No = 1,
    expand_for = {NULL},
    tracking_updates = 1,
    search_path = {NULL},
    element_divisions = 0,
    back_tracking = 0,
&end
Seeding random number generators
length of beamline CLA-S02 per pass: 3.211956999999998e+00 m
statistics:    ET:     00:00:00 CP:    0.00 BIO:0 DIO:0 PF:0 MEM:0
&run_control
    n_steps = 1,
    bunch_frequency = 0.000000000000000e+00,
    n_indices = 0,
    n_passes = 1,
    n_passes_fiducial = 0,
    reset_rf_for_each_step = 1,
    first_is_fiducial = 0,
    restrict_fiducialization = 0,
    reset_scattering_seed = 0,
&end
statistics:    ET:     00:00:00 CP:    0.00 BIO:0 DIO:0 PF:0 MEM:0
&twiss_output
    filename = %s.twi,
    matched = 0,
    output_at_each_step = 0,
    output_before_tune_correction = 0,
    final_values_only = 0,
    statistics = 1,
    radiation_integrals = 1,
    beta_x = 8.762498316340165e+01,
    alpha_x = -2.304904865460802e+01,
    eta_x = 3.078468885310119e-02,
    etap_x = 7.915435523332619e-03,
    beta_y = 6.647068212141512e+01,
    alpha_y = -1.750624893967701e+01,
    eta_y = 0.000000000000000e+00,
    etap_y = 0.000000000000000e+00,
    reference_file = {NULL},
    reference_element = {NULL},
    reference_element_occurrence = 0,
    reflect_reference_values = 0,
    concat_order = 3,
    higher_order_chromaticity = 0,
    higher_order_chromaticity_points = 5,
    higher_order_chromaticity_range = 4.000000000000000e-04,
    quick_higher_order_chromaticity = 0,
    chromatic_tune_spread_half_range = 0.000000000000000e+00,
    cavities_are_drifts_if_matched = 1,
    compute_driving_terms = 0,
    leading_order_driving_terms_only = 0,
    s_dependent_driving_terms_file = {NULL},
    local_dispersion = 1,
    n_periods = 1,
&end
final Twiss parameters (chromaticity valid for fully second-order calculation only!):
         beta          alpha           nu           eta          eta'       dnu/d(dp/p)   dbeta/(dp/p)     accept.
          m                          1/2pi           m                         1/2pi            m          mm-mrad
--------------------------------------------------------------------------------------------------------------------
  x:  2.287609e+01 -3.794530e+01  8.338624e-03  1.528053e-02  2.495414e-02 -1.073896e-01  6.823177e+02  3.845197e-01
ave:  1.556708e+02  1.004255e+01                3.768161e-02 -4.836941e-03
min:  1.492506e+01 -1.993221e+02                1.242565e-02 -7.950289e-02
max:  2.786544e+02  3.764495e+02                5.463004e-02  4.489079e-02
  y:  4.228696e+00  9.696895e-01  5.112292e-01  0.000000e+00  0.000000e+00 -7.732940e-02  2.193019e+01  4.116237e+00
ave:  1.825372e+01  9.691000e+00                0.000000e+00  0.000000e+00
min:  3.324097e+00 -1.799345e+01                0.000000e+00  0.000000e+00
max:  7.020976e+01  5.918158e+01                0.000000e+00  0.000000e+00
x acceptance limited to 3.845197e-07 by CLA-S02-COL-01 ending at 1.322147e+00 m
y acceptance limited to 4.116237e-06 by DRIFT1 ending at 1.053270e-01 m
statistics:    ET:     00:00:00 CP:    0.01 BIO:0 DIO:0 PF:0 MEM:0
&floor_coordinates
    filename = %s.flr,
    X0 = 0.000000000000000e+00,
    Y0 = 0.000000000000000e+00,
    Z0 = 3.371470000000000e+00,
    theta0 = 0.000000000000000e+00,
    phi0 = 0.000000000000000e+00,
    psi0 = 0.000000000000000e+00,
    include_vertices = 0,
    vertices_only = 0,
    magnet_centers = 0,
    store_vertices = 0,
&end
statistics:    ET:     00:00:00 CP:    0.01 BIO:0 DIO:0 PF:0 MEM:0
&matrix_output
    printout = {NULL},
    printout_order = 1,
    printout_format = "%22.15e ",
    full_matrix_only = 1,
    print_element_data = 1,
    mathematica_full_matrix = 0,
    mathematica_matrix_name = MFull,
    mathematica_matrix_file = {NULL},
    SDDS_output = %s.mat,
    SDDS_output_order = 2,
    individual_matrices = 0,
    output_at_each_step = 0,
    start_from = {NULL},
    start_from_occurence = 1,
    SDDS_output_match = {NULL},
&end
warning: 7 elements had no matrix
statistics:    ET:     00:00:00 CP:    0.02 BIO:0 DIO:0 PF:0 MEM:0
&sdds_beam
    input = CLA-S02.sdds,
    input_list = {NULL},
    input_type = elegant,
    selection_parameter = {NULL},
    selection_string = {NULL},
    one_random_bunch = 0,
    n_particles_per_ring = 0,
    reuse_bunch = 0,
    prebunched = -1,
    track_pages_separately = 0,
    use_bunched_mode = 0,
    fiducialization_bunch = 0,
    sample_interval = 1,
    n_tables_to_skip = 0,
    center_transversely = 0,
    center_arrival_time = 0,
    reverse_t_sign = 0,
    sample_fraction = 1.000000000000000e+00,
    p_lower = 0.000000000000000e+00,
    p_upper = 0.000000000000000e+00,
    save_initial_coordinates = 1,
    n_duplicates = 0,
    duplicate_stagger[0] = 0.000000000000000e+00, 0.000000000000000e+00, 0.000000000000000e+00, 0.000000000000000e+00, 
        0.000000000000000e+00, 0.000000000000000e+00,
&end
statistics:    ET:     00:00:00 CP:    0.02 BIO:0 DIO:0 PF:0 MEM:0
&track
    center_on_orbit = 0,
    center_momentum_also = 1,
    offset_by_orbit = 0,
    offset_momentum_also = 1,
    soft_failure = 1,
    use_linear_chromatic_matrix = 0,
    longitudinal_ring_only = 0,
    ibs_only = 0,
    stop_tracking_particle_limit = -1,
    check_beam_structure = 0,
    interrupt_file = %s.interrupt,
&end
Updating floor coordinates
tracking step 1
1 Sep 20 19:54:50: Starting to read beam from SDDS file.
File CLA-S02.sdds opened and checked.
Read page 1 from file
0 particle ID slots per bunch
51 rows in page 1
File CLA-S02.sdds was used up and closed.
1 Sep 20 19:54:50: Done reading beam from SDDS file.
a total of 51 data points were read

tracking 51 particles
1 Sep 20 19:54:50: This step establishes energy profile vs s (fiducial beam).
1 Sep 20 19:54:50: Rf phases/references reset.
48 particles transmitted, total effort of 48 particle-turns
4920 multipole kicks done

Dumping centroid data...done.
Dumping sigma data...done.
Post-tracking output completed.
Tracking step completed   ET:     00:00:00 CP:    0.03 BIO:0 DIO:0 PF:0 MEM:0


Finished tracking.
End of input data encountered.
statistics:    ET:     00:00:00 CP:    0.03 BIO:0 DIO:0 PF:0 MEM:0
=====================================================================================
Thanks for using elegant.  Please cite the following reference in your publications:
  M. Borland, "elegant: A Flexible SDDS-Compliant Code for Accelerator Simulation,"
  Advanced Photon Source LS-287, September 2000.
If you use a modified version, please indicate this in all publications.
=====================================================================================
