 --------------------------------------------------------------------------

               Astra - A space charge tracking algorithm 
                             Version 3.2              
                         DESY,  Hamburg 2011          
                          2. 9.2020  11:25

     Parameter file is:  INJ.in                                            
     trial                                                                           

 Initialize element settings:
 --------------------------------------------------------------------------
 WAKE:

 --------------------------------------------------------------------------
 Aperture:

     apertures number:   1 and   2 overlap!
     apertures number:   3 and   4 overlap!
     apertures number:   5 and   6 overlap!
     apertures number:   7 and   8 overlap!
 --------------------------------------------------------------------------
 Cavity:

     Reading cavity field data from:      ../../../SimFrame_fork/SimFrame/MasterLattice/Data_Files/bas_gun.txt            
     field smoothing is applied
     Cavity Frequency               f =    2.997     GHz
     maximum gradient                      64.50     MV/m
     at                                   0.1003     m
     estimated average gradient            22.69     MV/m
     nominal phase                         16.00     deg

     Reading cavity field data from:      ../../../SimFrame_fork/SimFrame/MasterLattice/Data_Files/TWS_S-DL.dat           
     field smoothing is applied
     Cavity Frequency               f =    2.998     GHz
     beta = 1 traveling wave structure
     TW Cell Length                        3.3333E-02 m
     Number of Cells                        60
     Phase Advance/Cell                     120.0     deg
     TW Section starts at                   1.194     m
     TW Section ends at                     3.293     m
     Max E-field                            12.30     MV/m
     at                                     1.243     m
     nominal phase                          0.000     deg

 --------------------------------------------------------------------------
 Solenoid:

     Reading solenoid field data from:    ../../../SimFrame_fork/SimFrame/MasterLattice/Data_Files/Measured_Main_Solenoid_
     field smoothing is applied
     maximum |Bz| field                     182.1     T
     at                                    8.6000E-02 m
     integral Bz squared                    3242.     T^2m

     Reading solenoid field data from:    ../../../SimFrame_fork/SimFrame/MasterLattice/Data_Files/Measured_Bucking_Soleno
     field smoothing is applied
     maximum |Bz| field                    -235.9     T
     at                                     0.000     m
     integral Bz squared                    1293.     T^2m

     solenoids number:   1 and   2 overlap
     Reading solenoid field data from:    ../../../SimFrame_fork/SimFrame/MasterLattice/Data_Files/SwissFEL_linac_sols.dat
     field smoothing is applied
     maximum |Bz| field                    1.6744E-04 T
     at                                     1.700     m
     integral Bz squared                   1.7946E-08 T^2m

     Reading solenoid field data from:    ../../../SimFrame_fork/SimFrame/MasterLattice/Data_Files/SwissFEL_linac_sols.dat
     field smoothing is applied
     maximum |Bz| field                    1.6744E-04 T
     at                                     2.700     m
     integral Bz squared                   1.7946E-08 T^2m

     solenoids number:   3 and   4 overlap
 --------------------------------------------------------------------------
 Dipole:

 --------------------------------------------------------------------------
      51 particles from file laser.astra                                       


     Cathode located at:               z =      0.000     m
     Particles taken into account      N =         51
     total charge                      Q =    -0.1500     nC
     horizontal beam position          x =     1.2721E-02 mm
     vertical beam position            y =     5.8308E-03 mm
     longitudinal beam position        z =      0.000     m
     horizontal beam size          sig x =     0.4068     mm
     vertical beam size            sig y =     0.3686     mm
     longitudinal beam size        sig z =      0.000     mm
     total emission time               t =     3.4843E-03 ns
     rms emission time             sig t =     7.6860E-04 ns
     average kinetic energy            E =     5.7254E-07 MeV
     energy spread                    dE =     1.2495E-04 keV
     average momentum                  P =     7.6495E-04 MeV/c
     transverse beam emittance     eps x =      7877.     pi mrad mm
     correlated divergence         cor x =    -2.8207E+05 mrad 
     transverse beam emittance     eps y =      7877.     pi mrad mm
     correlated divergence         cor y =     3.1128E+05 mrad
     longitudinal beam emittance   eps z =      0.000     pi keV mm
     correlated energy spread      cor z =      0.000     keV
     emittance ratio eps y/eps x         =      1.000    

     WARNING: Bz is not zero at the cathode,
     estimated emittance contribution: 
     eps x =    8693.     pi mrad mm
     eps y =    7138.     pi mrad mm

 --------------------------------------------------------------------------
     Start auto phasing: 
     Scan cavity number  :   1
        7 unstable trajectories out of   50
     Scan cavity number  :   2
        0 unstable trajectories out of   50

     Cavity phasing completed:
     Cavity number   Energy gain [MeV]  at  Phase [deg]
           1             4.195               228.24    
           2             18.23               44.527    
 --------------------------------------------------------------------------
 on axis tracking of the reference particle:
     initial position                  z =    0.000     m
                                       x =    0.000     mm
                                       y =    0.000     mm
     initial momentum                  p =   7.9602E-04 MeV/c
     global phase shift              phi =    0.000     deg
     time step for integration        dt =   0.1000     ps
 --------------------------------------------------------------------------
 Online element settings:

 --------------------------------------------------------------------------

     particle reaches position         z =    3.371     m
     time of flight is                 t =    11.31     ns
     final momentum                    p =    22.79     MeV/c
     final phase (cavity 1)      phi_end =    315.2     deg
 --------------------------------------------------------------------------
 off axis tracking of the reference particle: 
     initial position                  z =    0.000     m
                                       x =   0.4068     mm
                                       y =   0.3686     mm

     WARNING: Lost reference particle at  z =      -2.3453E-05 m


     particle position                 z =  -2.3453E-05 m
     particle travels backwards
 --------------------------------------------------------------------------
 tracking of       51 particles :
     tracking will stop at             z =    3.371     m

     space charge forces are INCLUDED
     cylindrical symmetric algorithm
     mirror charges at the cathode are taken into account
     mirror charge switched off at:          6.9983E-03 m
