statistics:    ET:     00:00:00 CP:    0.00 BIO:0 DIO:0 PF:0 MEM:0
&run_setup
    lattice = test.lte,
    use_beamline = diamond,
    rootname = {NULL},
    output = {NULL},
    centroid = %s.cen,
    sigma = {NULL},
    final = {NULL},
    acceptance = {NULL},
    losses = {NULL},
    magnets = {NULL},
    semaphore_file = {NULL},
    parameters = {NULL},
    combine_bunch_statistics = 0,
    wrap_around = 1,
    final_pass = 0,
    default_order = 2,
    concat_order = 0,
    print_statistics = 0,
    show_element_timing = 0,
    monitor_memory_usage = 0,
    random_number_seed = 987654321,
    correction_iterations = 1,
    echo_lattice = 0,
    p_central = 0.000000000000000e+00,
    p_central_mev = 3.000000000000000e+03,
    always_change_p0 = 0,
    load_balancing_on = 0,
    random_sequence_No = 1,
    expand_for = {NULL},
    tracking_updates = 1,
    search_path = {NULL},
    element_divisions = 0,
&end
Seeding random number generators
no expansion for entity D1D2);
known elements are:
              BB,             D1A,       D1BCENTRE,         D1BEND2,            D1D2,             D2A,
             D2B,             D2C,             D3A,             D3B,             D3C,             D4A,
             D4B,             D5B,             D5C,             D6B,             D6C,             DE1,
         HALFS1A,              K1,              K2,             KD1,             KD2,             KD3,
             KD4,             MBA,             MBB,             MBC,             MBD,            MBD2,
             MBE,            Q1AB,            Q1AD,             Q1B,             Q1D,            Q2AB,
            Q2AD,             Q2B,             Q2D,             Q3B,             Q3D,            QE1A,
            QE1B,            QE1D,            QE2A,            QE2B,            QE2D,            QE3B,
            QE3D,             S1B,             S1C,             S1D,             S2A,             S2B,
             S2C,             S2D,            SE1A,            SE1B,            SE1D,            SE2A,
            SE2B,            SE2D,
